#
# There is insufficient memory for the Java Runtime Environment to continue.
# Native memory allocation (mmap) failed to map 268435456 bytes. Error detail: G1 virtual space
# Possible reasons:
#   The system is out of physical RAM or swap space
#   This process is running with CompressedOops enabled, and the Java Heap may be blocking the growth of the native heap
# Possible solutions:
#   Reduce memory load on the system
#   Increase physical memory or swap space
#   Check if swap backing store is full
#   Decrease Java heap size (-Xmx/-Xms)
#   Decrease number of Java threads
#   Decrease Java thread stack sizes (-Xss)
#   Set larger code cache with -XX:ReservedCodeCacheSize=
#   JVM is running with Zero Based Compressed Oops mode in which the Java heap is
#     placed in the first 32GB address space. The Java Heap base address is the
#     maximum limit for the native heap growth. Please use -XX:HeapBaseMinAddress
#     to set the Java Heap base and to place the Java Heap above 32GB virtual address.
# This output file may be truncated or incomplete.
#
#  Out of Memory Error (os_windows.cpp:3631), pid=20792, tid=21820
#
# JRE version:  (22.0.1+8) (build )
# Java VM: Java HotSpot(TM) 64-Bit Server VM (22.0.1+8-16, mixed mode, sharing, tiered, compressed oops, compressed class ptrs, g1 gc, windows-amd64)
# No core dump will be written. Minidumps are not enabled by default on client versions of Windows
#

---------------  S U M M A R Y ------------

Command Line: -Dclassworlds.conf=C:\apache-maven-3.9.6\bin\m2.conf -Dmaven.home=C:\apache-maven-3.9.6 -Dlibrary.jansi.path=C:\apache-maven-3.9.6\lib\jansi-native -Dmaven.multiModuleProjectDirectory=E:\dev\Proyects-uni\appForoEPCC org.codehaus.plexus.classworlds.launcher.Launcher verify sonar:sonar -D sonar.token=sqa_eab4cbe2cb049e685c6d0ba7bfe8964a2d82c3f6

Host: Intel(R) Core(TM) i5-9400F CPU @ 2.90GHz, 6 cores, 15G,  Windows 11 , 64 bit Build 22621 (10.0.22621.3672)
Time: Mon Jul 29 10:32:28 2024 Hora est. Pacífico, Sudamérica elapsed time: 0.014980 seconds (0d 0h 0m 0s)

---------------  T H R E A D  ---------------

Current thread (0x000001843f28eb30):  JavaThread "Unknown thread" [_thread_in_vm, id=21820, stack(0x0000006483f00000,0x0000006484000000) (1024K)]

Stack: [0x0000006483f00000,0x0000006484000000]
Native frames: (J=compiled Java code, j=interpreted, Vv=VM code, C=native code)
V  [jvm.dll+0x6e2279]  (no source info available)
V  [jvm.dll+0x874e33]  (no source info available)
V  [jvm.dll+0x87725e]  (no source info available)
V  [jvm.dll+0x877933]  (no source info available)
V  [jvm.dll+0x27fd76]  (no source info available)
V  [jvm.dll+0x6de915]  (no source info available)
V  [jvm.dll+0x6d341a]  (no source info available)
V  [jvm.dll+0x3589da]  (no source info available)
V  [jvm.dll+0x360f06]  (no source info available)
V  [jvm.dll+0x3b3e2e]  (no source info available)
V  [jvm.dll+0x3b40d8]  (no source info available)
V  [jvm.dll+0x32c59c]  (no source info available)
V  [jvm.dll+0x32d158]  (no source info available)
V  [jvm.dll+0x83ccdc]  (no source info available)
V  [jvm.dll+0x3c0d71]  (no source info available)
V  [jvm.dll+0x825ccc]  (no source info available)
V  [jvm.dll+0x45b8fe]  (no source info available)
V  [jvm.dll+0x45d781]  (no source info available)
C  [jli.dll+0x52a3]  (no source info available)
C  [ucrtbase.dll+0x29333]  (no source info available)
C  [KERNEL32.DLL+0x1257d]  (no source info available)
C  [ntdll.dll+0x5af28]  (no source info available)


---------------  P R O C E S S  ---------------

Threads class SMR info:
_java_thread_list=0x00007ffa0932b1c8, length=0, elements={
}

Java Threads: ( => current thread )
Total: 0

Other Threads:
  0x0000018441444d70 WorkerThread "GC Thread#0"                     [id=24516, stack(0x0000006484000000,0x0000006484100000) (1024K)]
  0x0000018441455bf0 ConcurrentGCThread "G1 Main Marker"            [id=2788, stack(0x0000006484100000,0x0000006484200000) (1024K)]
  0x00000184414568c0 WorkerThread "G1 Conc#0"                       [id=10760, stack(0x0000006484200000,0x0000006484300000) (1024K)]

[error occurred during error reporting (printing all threads), id 0xc0000005, EXCEPTION_ACCESS_VIOLATION (0xc0000005) at pc=0x00007ffa08a7f367]
VM state: not at safepoint (not fully initialized)

VM Mutex/Monitor currently owned by a thread:  ([mutex/lock_event])
[0x00007ffa093abcb8] Heap_lock - owner thread: 0x000001843f28eb30

Heap address: 0x0000000701600000, size: 4074 MB, Compressed Oops mode: Zero based, Oop shift amount: 3

CDS archive(s) mapped at: [0x0000000000000000-0x0000000000000000-0x0000000000000000), size 0, SharedBaseAddress: 0x0000000800000000, ArchiveRelocationMode: 1.
Narrow klass base: 0x0000000000000000, Narrow klass shift: 0, Narrow klass range: 0x0

GC Precious Log:
 CardTable entry size: 512
 Card Set container configuration: InlinePtr #cards 4 size 8 Array Of Cards #cards 16 size 48 Howl #buckets 8 coarsen threshold 3686 Howl Bitmap #cards 512 size 80 coarsen threshold 460 Card regions per heap region 1 cards per card region 4096

Heap:
 garbage-first heap   total reserved 4171776K, committed 0K, used 0K [0x0000000701600000, 0x0000000800000000)
  region size 2048K, 0 young (0K), 0 survivors (0K)

[error occurred during error reporting (printing heap information), id 0xc0000005, EXCEPTION_ACCESS_VIOLATION (0xc0000005) at pc=0x00007ffa08e7e429]
GC Heap History (0 events):
No events

Dll operation events (1 events):
Event: 0.008 Loaded shared library C:\Program Files\Java\jdk-22\bin\java.dll

Deoptimization events (0 events):
No events

Classes loaded (0 events):
No events

Classes unloaded (0 events):
No events

Classes redefined (0 events):
No events

Internal exceptions (0 events):
No events

ZGC Phase Switch (0 events):
No events

VM Operations (0 events):
No events

Events (0 events):
No events


Dynamic libraries:
0x00007ff710a20000 - 0x00007ff710a30000 	C:\Program Files\Java\jdk-22\bin\java.exe
0x00007ffa492b0000 - 0x00007ffa494c7000 	C:\Windows\SYSTEM32\ntdll.dll
0x00007ffa48500000 - 0x00007ffa485c4000 	C:\Windows\System32\KERNEL32.DLL
0x00007ffa46980000 - 0x00007ffa46d2d000 	C:\Windows\System32\KERNELBASE.dll
0x00007ffa467f0000 - 0x00007ffa46901000 	C:\Windows\System32\ucrtbase.dll
0x00007ffa39920000 - 0x00007ffa39937000 	C:\Program Files\Java\jdk-22\bin\jli.dll
0x00007ffa388a0000 - 0x00007ffa388bb000 	C:\Program Files\Java\jdk-22\bin\VCRUNTIME140.dll
0x00007ffa48440000 - 0x00007ffa484f2000 	C:\Windows\System32\ADVAPI32.dll
0x00007ffa48920000 - 0x00007ffa489c7000 	C:\Windows\System32\msvcrt.dll
0x00007ffa47af0000 - 0x00007ffa47b99000 	C:\Windows\System32\sechost.dll
0x00007ffa46f90000 - 0x00007ffa46fb8000 	C:\Windows\System32\bcrypt.dll
0x00007ffa47190000 - 0x00007ffa472a4000 	C:\Windows\System32\RPCRT4.dll
0x00007ffa47760000 - 0x00007ffa4790e000 	C:\Windows\System32\USER32.dll
0x00007ffa32e90000 - 0x00007ffa33123000 	C:\Windows\WinSxS\amd64_microsoft.windows.common-controls_6595b64144ccf1df_6.0.22621.3672_none_2713b9d173822955\COMCTL32.dll
0x00007ffa467c0000 - 0x00007ffa467e6000 	C:\Windows\System32\win32u.dll
0x00007ffa48410000 - 0x00007ffa48439000 	C:\Windows\System32\GDI32.dll
0x00007ffa46d30000 - 0x00007ffa46e49000 	C:\Windows\System32\gdi32full.dll
0x00007ffa465b0000 - 0x00007ffa4664a000 	C:\Windows\System32\msvcp_win.dll
0x00007ffa3d9d0000 - 0x00007ffa3d9da000 	C:\Windows\SYSTEM32\VERSION.dll
0x00007ffa470c0000 - 0x00007ffa470f1000 	C:\Windows\System32\IMM32.DLL
0x00007ffa3a380000 - 0x00007ffa3a38c000 	C:\Program Files\Java\jdk-22\bin\vcruntime140_1.dll
0x00007ffa1b470000 - 0x00007ffa1b4fe000 	C:\Program Files\Java\jdk-22\bin\msvcp140.dll
0x00007ffa08740000 - 0x00007ffa09487000 	C:\Program Files\Java\jdk-22\bin\server\jvm.dll
0x00007ffa487e0000 - 0x00007ffa48851000 	C:\Windows\System32\WS2_32.dll
0x00007ffa45420000 - 0x00007ffa4546d000 	C:\Windows\SYSTEM32\POWRPROF.dll
0x00007ffa3d990000 - 0x00007ffa3d9c4000 	C:\Windows\SYSTEM32\WINMM.dll
0x00007ffa453e0000 - 0x00007ffa453f3000 	C:\Windows\SYSTEM32\UMPDC.dll
0x00007ffa45630000 - 0x00007ffa45648000 	C:\Windows\SYSTEM32\kernel.appcore.dll
0x00007ffa39950000 - 0x00007ffa3995a000 	C:\Program Files\Java\jdk-22\bin\jimage.dll
0x00007ffa3e150000 - 0x00007ffa3e382000 	C:\Windows\SYSTEM32\DBGHELP.DLL
0x00007ffa48eb0000 - 0x00007ffa49238000 	C:\Windows\System32\combase.dll
0x00007ffa47990000 - 0x00007ffa47a67000 	C:\Windows\System32\OLEAUT32.dll
0x00007ffa3d950000 - 0x00007ffa3d982000 	C:\Windows\SYSTEM32\dbgcore.DLL
0x00007ffa46f10000 - 0x00007ffa46f8b000 	C:\Windows\System32\bcryptPrimitives.dll
0x00007ffa35230000 - 0x00007ffa3524e000 	C:\Program Files\Java\jdk-22\bin\java.dll
0x00007ffa47bb0000 - 0x00007ffa4840f000 	C:\Windows\System32\SHELL32.dll
0x00007ffa485e0000 - 0x00007ffa48785000 	C:\Windows\System32\ole32.dll

dbghelp: loaded successfully - version: 4.0.5 - missing functions: none
symbol engine: initialized successfully - sym options: 0x614 - pdb path: .;C:\Program Files\Java\jdk-22\bin;C:\Windows\SYSTEM32;C:\Windows\WinSxS\amd64_microsoft.windows.common-controls_6595b64144ccf1df_6.0.22621.3672_none_2713b9d173822955;C:\Program Files\Java\jdk-22\bin\server

VM Arguments:
jvm_args: -Dclassworlds.conf=C:\apache-maven-3.9.6\bin\m2.conf -Dmaven.home=C:\apache-maven-3.9.6 -Dlibrary.jansi.path=C:\apache-maven-3.9.6\lib\jansi-native -Dmaven.multiModuleProjectDirectory=E:\dev\Proyects-uni\appForoEPCC 
java_command: org.codehaus.plexus.classworlds.launcher.Launcher verify sonar:sonar -D sonar.token=sqa_eab4cbe2cb049e685c6d0ba7bfe8964a2d82c3f6
java_class_path (initial): C:\apache-maven-3.9.6\boot\plexus-classworlds-2.7.0.jar
Launcher Type: SUN_STANDARD

[Global flags]
     intx CICompilerCount                          = 3                                         {product} {ergonomic}
     uint ConcGCThreads                            = 2                                         {product} {ergonomic}
     uint G1ConcRefinementThreads                  = 6                                         {product} {ergonomic}
   size_t G1HeapRegionSize                         = 2097152                                   {product} {ergonomic}
   size_t InitialHeapSize                          = 268435456                                 {product} {ergonomic}
   size_t MarkStackSize                            = 4194304                                   {product} {ergonomic}
   size_t MaxHeapSize                              = 4271898624                                {product} {ergonomic}
   size_t MinHeapDeltaBytes                        = 2097152                                   {product} {ergonomic}
   size_t MinHeapSize                              = 8388608                                   {product} {ergonomic}
    uintx NonNMethodCodeHeapSize                   = 5832780                                {pd product} {ergonomic}
    uintx NonProfiledCodeHeapSize                  = 122912730                              {pd product} {ergonomic}
    uintx ProfiledCodeHeapSize                     = 122912730                              {pd product} {ergonomic}
    uintx ReservedCodeCacheSize                    = 251658240                              {pd product} {ergonomic}
     bool SegmentedCodeCache                       = true                                      {product} {ergonomic}
   size_t SoftMaxHeapSize                          = 4271898624                             {manageable} {ergonomic}
     bool UseCompressedOops                        = true                           {product lp64_product} {ergonomic}
     bool UseG1GC                                  = true                                      {product} {ergonomic}
     bool UseLargePagesIndividualAllocation        = false                                  {pd product} {ergonomic}

Logging:
Log output configuration:
 #0: stdout all=warning uptime,level,tags foldmultilines=false
 #1: stderr all=off uptime,level,tags foldmultilines=false

Environment Variables:
PATH=C:\Program Files\WindowsApps\Microsoft.PowerShell_7.4.3.0_x64__8wekyb3d8bbwe;C:\Program Files\Java\jdk-22\bin;C:\Program Files\Common Files\Oracle\Java\javapath;C:\Windows\system32;C:\Windows;C:\Windows\System32\Wbem;C:\Windows\System32\WindowsPowerShell\v1.0\;C:\Windows\System32\OpenSSH\;C:\Program Files\Git\cmd;C:\Program Files\nodejs\;C:\Program Files\Docker\Docker\resources\bin;C:\TDM-GCC-64\bin;C:\apache-maven-3.9.6\bin;C:\Program Files\Cloudflare\Cloudflare WARP\;C:\Users\user\.console-ninja\.bin;C:\Users\user\AppData\Local\Microsoft\WindowsApps;C:\Users\user\AppData\Local\Programs\Microsoft VS Code\bin;C:\Users\user\AppData\Roaming\npm;C:\Users\user\AppData\Local\Programs\oh-my-posh\bin;C:\TDM-GCC-64\bin;
USERNAME=user
LANG=en_US.UTF-8
OS=Windows_NT
PROCESSOR_IDENTIFIER=Intel64 Family 6 Model 158 Stepping 10, GenuineIntel
TMP=C:\Users\user\AppData\Local\Temp
TEMP=C:\Users\user\AppData\Local\Temp




Periodic native trim disabled

---------------  S Y S T E M  ---------------

OS:
 Windows 11 , 64 bit Build 22621 (10.0.22621.3672)
OS uptime: 12 days 0:05 hours
Hyper-V role detected

CPU: total 6 (initial active 6) (6 cores per cpu, 1 threads per core) family 6 model 158 stepping 10 microcode 0xde, cx8, cmov, fxsr, mmx, 3dnowpref, sse, sse2, sse3, ssse3, sse4.1, sse4.2, popcnt, lzcnt, tsc, tscinvbit, avx, avx2, aes, erms, clmul, bmi1, bmi2, adx, fma, vzeroupper, clflush, clflushopt, hv, rdtscp, f16c
Processor Information for all 6 processors :
  Max Mhz: 2904, Current Mhz: 2904, Mhz Limit: 2904

Memory: 4k page, system-wide physical 16295M (513M free)
TotalPageFile size 65447M (AvailPageFile size 51M)
current process WorkingSet (physical memory assigned to process): 12M, peak: 12M
current process commit charge ("private bytes"): 56M, peak: 312M

vm_info: Java HotSpot(TM) 64-Bit Server VM (22.0.1+8-16) for windows-amd64 JRE (22.0.1+8-16), built on 2024-03-12T10:33:16Z by "mach5one" with MS VC++ 17.6 (VS2022)

END.
